----------------------------------  ---------------
Z mean train                            0.00386375
Z variance train                        0.00270695
KL Divergence                          49.1471
KL Loss                                 4.91471
QF Loss                                28.2188
VF Loss                                16.2094
Policy Loss                            -3.99715
Q Predictions Mean                     -0.0021492
Q Predictions Std                       0.00156987
Q Predictions Max                       0.00198683
Q Predictions Min                      -0.00801684
V Predictions Mean                      0.00488854
V Predictions Std                       0.00140643
V Predictions Max                       0.00979443
V Predictions Min                      -0.000170446
Log Pis Mean                           -4.02364
Log Pis Std                             0.520782
Log Pis Max                            -2.28547
Log Pis Min                            -5.51913
Policy mu Mean                         -0.000251572
Policy mu Std                           0.00104488
Policy mu Max                           0.00295271
Policy mu Min                          -0.0046498
Policy log std Mean                     0.000266686
Policy log std Std                      0.00160589
Policy log std Max                      0.00582838
Policy log std Min                     -0.00377372
Z mean eval                             0.0549886
Z variance eval                         0.0913462
AverageTrainReturn_all_train_tasks     -3.155
AverageReturn_all_train_tasks          -3.23654
AverageReturn_all_test_tasks           -3.51354
Number of train steps total          2000
Number of env steps total           14000
Number of rollouts total                0
Train Time (s)                         68.2458
(Previous) Eval Time (s)                0
Sample Time (s)                         7.75378
Epoch Time (s)                         75.9995
Total Train Time (s)                   82.9956
Epoch                                   0
----------------------------------  ---------------
2020-11-20 18:06:15.493429 KST | [2020_11_20_18_04_52] Iteration #0 | Epoch Duration: 82.99780011177063
2020-11-20 18:06:15.493573 KST | [2020_11_20_18_04_52] Iteration #0 | Started Training: True
----------------------------------  -------------
Z mean train                            0.13545
Z variance train                        0.58916
KL Divergence                           1.4894
KL Loss                                 0.14894
QF Loss                                28.0987
VF Loss                                 2.84286
Policy Loss                           -28.3696
Q Predictions Mean                     25.3529
Q Predictions Std                       2.18966
Q Predictions Max                      35.3818
Q Predictions Min                      10.1767
V Predictions Mean                     28.1363
V Predictions Std                       1.07662
V Predictions Max                      32.4861
V Predictions Min                      24.8399
Log Pis Mean                           -3.80886
Log Pis Std                             0.873794
Log Pis Max                             0.210595
Log Pis Min                            -8.52231
Policy mu Mean                         -0.0598574
Policy mu Std                           0.261729
Policy mu Max                           0.967676
Policy mu Min                          -0.923577
Policy log std Mean                    -0.134564
Policy log std Std                      0.035241
Policy log std Max                     -0.0441716
Policy log std Min                     -0.424787
Z mean eval                             0.197491
Z variance eval                         0.0390674
AverageTrainReturn_all_train_tasks    -16.133
AverageReturn_all_train_tasks          -8.99163
AverageReturn_all_test_tasks          -12.2665
Number of train steps total          4000
Number of env steps total           24000
Number of rollouts total                0
Train Time (s)                         65.155
(Previous) Eval Time (s)                6.99794
Sample Time (s)                         5.32155
Epoch Time (s)                         77.4745
Total Train Time (s)                  159.927
Epoch                                   1
----------------------------------  -------------
2020-11-20 18:07:32.425204 KST | [2020_11_20_18_04_52] Iteration #1 | Epoch Duration: 76.93152785301208
2020-11-20 18:07:32.425331 KST | [2020_11_20_18_04_52] Iteration #1 | Started Training: True
----------------------------------  -------------
Z mean train                            0.656776
Z variance train                        0.319942
KL Divergence                          15.4017
KL Loss                                 1.54017
QF Loss                                24.3243
VF Loss                                 6.98757
Policy Loss                           -59.6755
Q Predictions Mean                     55.5443
Q Predictions Std                      10.8379
Q Predictions Max                      82.2603
Q Predictions Min                      23.6323
V Predictions Mean                     60.3582
V Predictions Std                       9.83378
V Predictions Max                      85.539
V Predictions Min                      31.7913
Log Pis Mean                           -2.96569
Log Pis Std                             1.60075
Log Pis Max                             3.70304
Log Pis Min                            -7.09364
Policy mu Mean                         -0.0839345
Policy mu Std                           0.508528
Policy mu Max                           1.40276
Policy mu Min                          -2.08689
Policy log std Mean                    -0.211901
Policy log std Std                      0.072484
Policy log std Max                     -0.0154051
Policy log std Min                     -0.658886
Z mean eval                             0.178591
Z variance eval                         0.0485181
AverageTrainReturn_all_train_tasks    129.407
AverageReturn_all_train_tasks         126.677
AverageReturn_all_test_tasks           47.6276
Number of train steps total          6000
Number of env steps total           34000
Number of rollouts total                0
Train Time (s)                         64.7873
(Previous) Eval Time (s)                6.45471
Sample Time (s)                         5.24369
Epoch Time (s)                         76.4857
Total Train Time (s)                  236.546
Epoch                                   2
----------------------------------  -------------
2020-11-20 18:08:49.044898 KST | [2020_11_20_18_04_52] Iteration #2 | Epoch Duration: 76.61946845054626
2020-11-20 18:08:49.045019 KST | [2020_11_20_18_04_52] Iteration #2 | Started Training: True
----------------------------------  --------------
Z mean train                            0.87136
Z variance train                        0.157638
KL Divergence                          25.2065
KL Loss                                 2.52065
QF Loss                                43.2358
VF Loss                                 8.98711
Policy Loss                           -93.3142
Q Predictions Mean                     88.1007
Q Predictions Std                      18.5965
Q Predictions Max                     144.185
Q Predictions Min                      24.417
V Predictions Mean                     92.5655
V Predictions Std                      17.5632
V Predictions Max                     149.677
V Predictions Min                      34.5025
Log Pis Mean                           -2.50031
Log Pis Std                             1.70786
Log Pis Max                             2.64599
Log Pis Min                            -9.27791
Policy mu Mean                          0.0826774
Policy mu Std                           0.602746
Policy mu Max                           1.97618
Policy mu Min                          -1.95055
Policy log std Mean                    -0.262049
Policy log std Std                      0.099459
Policy log std Max                      0.00419465
Policy log std Min                     -0.731255
Z mean eval                             1.12465
Z variance eval                         0.0443568
AverageTrainReturn_all_train_tasks    218.231
AverageReturn_all_train_tasks         165.287
AverageReturn_all_test_tasks          200.715
Number of train steps total          8000
Number of env steps total           44000
Number of rollouts total                0
Train Time (s)                         65.2221
(Previous) Eval Time (s)                6.58825
Sample Time (s)                         5.25814
Epoch Time (s)                         77.0685
Total Train Time (s)                  313.899
Epoch                                   3
----------------------------------  --------------
2020-11-20 18:10:06.397977 KST | [2020_11_20_18_04_52] Iteration #3 | Epoch Duration: 77.35286951065063
2020-11-20 18:10:06.398093 KST | [2020_11_20_18_04_52] Iteration #3 | Started Training: True
----------------------------------  -------------
Z mean train                            0.184821
Z variance train                        0.195341
KL Divergence                          11.9036
KL Loss                                 1.19036
QF Loss                               120.095
VF Loss                                30.9092
Policy Loss                          -112.687
Q Predictions Mean                    107.794
Q Predictions Std                      13.5026
Q Predictions Max                     142.403
Q Predictions Min                      -3.97833
V Predictions Mean                    111.206
V Predictions Std                      12.1359
V Predictions Max                     145.061
V Predictions Min                      19.9003
Log Pis Mean                           -3.14972
Log Pis Std                             1.36245
Log Pis Max                             4.39232
Log Pis Min                            -7.30814
Policy mu Mean                         -0.172154
Policy mu Std                           0.4189
Policy mu Max                           1.93813
Policy mu Min                          -1.93839
Policy log std Mean                    -0.292557
Policy log std Std                      0.0965893
Policy log std Max                      0.0932864
Policy log std Min                     -0.896419
Z mean eval                             0.128812
Z variance eval                         0.0387023
AverageTrainReturn_all_train_tasks    551.69
AverageReturn_all_train_tasks         539.932
AverageReturn_all_test_tasks          279.456
Number of train steps total         10000
Number of env steps total           54000
Number of rollouts total                0
Train Time (s)                         64.8964
(Previous) Eval Time (s)                6.87243
Sample Time (s)                         5.42085
Epoch Time (s)                         77.1896
Total Train Time (s)                  390.543
Epoch                                   4
----------------------------------  -------------
2020-11-20 18:11:23.043425 KST | [2020_11_20_18_04_52] Iteration #4 | Epoch Duration: 76.64524698257446
2020-11-20 18:11:23.043534 KST | [2020_11_20_18_04_52] Iteration #4 | Started Training: True
----------------------------------  -------------
Z mean train                            1.00161
Z variance train                        0.230628
KL Divergence                          21.0583
KL Loss                                 2.10583
QF Loss                                89.0086
VF Loss                                33.4322
Policy Loss                          -164.07
Q Predictions Mean                    160.543
Q Predictions Std                      45.8304
Q Predictions Max                     304.193
Q Predictions Min                     -19.9961
V Predictions Mean                    166.87
V Predictions Std                      46.9927
V Predictions Max                     302.42
V Predictions Min                     -15.4395
Log Pis Mean                           -1.76832
Log Pis Std                             2.40185
Log Pis Max                             9.42825
Log Pis Min                            -7.94485
Policy mu Mean                         -0.0981757
Policy mu Std                           0.706625
Policy mu Max                           2.1571
Policy mu Min                          -2.1327
Policy log std Mean                    -0.348581
Policy log std Std                      0.142664
Policy log std Max                      0.0009147
Policy log std Min                     -0.894876
Z mean eval                             0.152499
Z variance eval                         0.0456263
AverageTrainReturn_all_train_tasks    389.468
AverageReturn_all_train_tasks         214.914
AverageReturn_all_test_tasks          349.529
Number of train steps total         12000
Number of env steps total           64000
Number of rollouts total                0
Train Time (s)                         65.136
(Previous) Eval Time (s)                6.32785
Sample Time (s)                         5.24348
Epoch Time (s)                         76.7073
Total Train Time (s)                  467.391
Epoch                                   5
----------------------------------  -------------
2020-11-20 18:12:39.892266 KST | [2020_11_20_18_04_52] Iteration #5 | Epoch Duration: 76.84863781929016
2020-11-20 18:12:39.892389 KST | [2020_11_20_18_04_52] Iteration #5 | Started Training: True
----------------------------------  -------------
Z mean train                            0.966528
Z variance train                        0.198225
KL Divergence                          45.3663
KL Loss                                 4.53663
QF Loss                                65.497
VF Loss                                20.423
Policy Loss                          -207.349
Q Predictions Mean                    200.856
Q Predictions Std                      49.7176
Q Predictions Max                     334.506
Q Predictions Min                     -48.0598
V Predictions Mean                    206.183
V Predictions Std                      48.3962
V Predictions Max                     339.48
V Predictions Min                     -26.1101
Log Pis Mean                           -1.70758
Log Pis Std                             2.26036
Log Pis Max                             5.2055
Log Pis Min                            -7.22481
Policy mu Mean                         -0.0839061
Policy mu Std                           0.742088
Policy mu Max                           2.18707
Policy mu Min                          -2.21026
Policy log std Mean                    -0.337276
Policy log std Std                      0.172619
Policy log std Max                      0.119112
Policy log std Min                     -1.03014
Z mean eval                             1.66677
Z variance eval                         0.0423104
AverageTrainReturn_all_train_tasks    483.484
AverageReturn_all_train_tasks         476.366
AverageReturn_all_test_tasks          378.981
Number of train steps total         14000
Number of env steps total           74000
Number of rollouts total                0
Train Time (s)                         65.1209
(Previous) Eval Time (s)                6.46899
Sample Time (s)                         5.35247
Epoch Time (s)                         76.9424
Total Train Time (s)                  544.085
Epoch                                   6
----------------------------------  -------------
2020-11-20 18:13:56.586471 KST | [2020_11_20_18_04_52] Iteration #6 | Epoch Duration: 76.69400143623352
2020-11-20 18:13:56.586632 KST | [2020_11_20_18_04_52] Iteration #6 | Started Training: True
----------------------------------  -------------
Z mean train                            1.06894
Z variance train                        0.172277
KL Divergence                          36.6269
KL Loss                                 3.66269
QF Loss                                90.595
VF Loss                                51.4887
Policy Loss                          -307.54
Q Predictions Mean                    302.392
Q Predictions Std                      82.0334
Q Predictions Max                     485.227
Q Predictions Min                     -92.789
V Predictions Mean                    311.523
V Predictions Std                      79.4592
V Predictions Max                     481.079
V Predictions Min                     -58.3659
Log Pis Mean                           -0.474529
Log Pis Std                             2.56815
Log Pis Max                             8.39048
Log Pis Min                            -8.45292
Policy mu Mean                         -0.104744
Policy mu Std                           0.881701
Policy mu Max                           2.27031
Policy mu Min                          -2.90868
Policy log std Mean                    -0.402129
Policy log std Std                      0.164576
Policy log std Max                      0.0647015
Policy log std Min                     -1.14683
Z mean eval                             1.49021
Z variance eval                         0.0507631
AverageTrainReturn_all_train_tasks    544.482
AverageReturn_all_train_tasks         559.612
AverageReturn_all_test_tasks          556.919
Number of train steps total         16000
Number of env steps total           84000
Number of rollouts total                0
Train Time (s)                         63.8898
(Previous) Eval Time (s)                6.22043
Sample Time (s)                         5.23417
Epoch Time (s)                         75.3444
Total Train Time (s)                  619.71
Epoch                                   7
----------------------------------  -------------
2020-11-20 18:15:12.212293 KST | [2020_11_20_18_04_52] Iteration #7 | Epoch Duration: 75.62557315826416
2020-11-20 18:15:12.212459 KST | [2020_11_20_18_04_52] Iteration #7 | Started Training: True
----------------------------------  -------------
Z mean train                            0.371625
Z variance train                        0.15793
KL Divergence                          26.6141
KL Loss                                 2.66141
QF Loss                               146.834
VF Loss                                58.3376
Policy Loss                          -321.918
Q Predictions Mean                    314.767
Q Predictions Std                     135.006
Q Predictions Max                     635.992
Q Predictions Min                      -0.784611
V Predictions Mean                    322.341
V Predictions Std                     135.179
V Predictions Max                     645.776
V Predictions Min                       0.476598
Log Pis Mean                           -0.998484
Log Pis Std                             2.89296
Log Pis Max                             8.52312
Log Pis Min                            -9.9385
Policy mu Mean                         -0.148146
Policy mu Std                           0.817901
Policy mu Max                           2.23333
Policy mu Min                          -2.3106
Policy log std Mean                    -0.403194
Policy log std Std                      0.154981
Policy log std Max                      0.0373613
Policy log std Min                     -1.0467
Z mean eval                             1.94798
Z variance eval                         0.032513
AverageTrainReturn_all_train_tasks    355.255
AverageReturn_all_train_tasks         188.437
AverageReturn_all_test_tasks          540.159
Number of train steps total         18000
Number of env steps total           94000
Number of rollouts total                0
Train Time (s)                         65.131
(Previous) Eval Time (s)                6.50143
Sample Time (s)                         5.38656
Epoch Time (s)                         77.019
Total Train Time (s)                  696.708
Epoch                                   8
----------------------------------  -------------
2020-11-20 18:16:29.210770 KST | [2020_11_20_18_04_52] Iteration #8 | Epoch Duration: 76.99821352958679
2020-11-20 18:16:29.210878 KST | [2020_11_20_18_04_52] Iteration #8 | Started Training: True
----------------------------------  --------------
Z mean train                             1.63777
Z variance train                         0.233769
KL Divergence                           54.0804
KL Loss                                  5.40804
QF Loss                                132.559
VF Loss                                 35.0449
Policy Loss                           -498.44
Q Predictions Mean                     490.653
Q Predictions Std                      169.227
Q Predictions Max                      860.345
Q Predictions Min                      -44.9046
V Predictions Mean                     497.299
V Predictions Std                      166.941
V Predictions Max                      857.741
V Predictions Min                       -9.05709
Log Pis Mean                             0.414257
Log Pis Std                              3.03485
Log Pis Max                              8.87153
Log Pis Min                             -9.96231
Policy mu Mean                          -0.111069
Policy mu Std                            1.00691
Policy mu Max                            2.47451
Policy mu Min                           -2.92137
Policy log std Mean                     -0.442739
Policy log std Std                       0.18148
Policy log std Max                       0.108783
Policy log std Min                      -1.23308
Z mean eval                              1.74408
Z variance eval                          0.0353821
AverageTrainReturn_all_train_tasks     847.825
AverageReturn_all_train_tasks          781.921
AverageReturn_all_test_tasks           416.919
Number of train steps total          20000
Number of env steps total           104000
Number of rollouts total                 0
Train Time (s)                          66.1472
(Previous) Eval Time (s)                 6.48049
Sample Time (s)                          5.24124
Epoch Time (s)                          77.869
Total Train Time (s)                   774.518
Epoch                                    9
----------------------------------  --------------
2020-11-20 18:17:47.022193 KST | [2020_11_20_18_04_52] Iteration #9 | Epoch Duration: 77.81121516227722
2020-11-20 18:17:47.022329 KST | [2020_11_20_18_04_52] Iteration #9 | Started Training: True
----------------------------------  --------------
Z mean train                             1.77907
Z variance train                         0.230879
KL Divergence                           65.5935
KL Loss                                  6.55935
QF Loss                                136.605
VF Loss                                 36.3389
Policy Loss                           -499.986
Q Predictions Mean                     493.839
Q Predictions Std                      202.742
Q Predictions Max                      962.848
Q Predictions Min                       27.568
V Predictions Mean                     499.374
V Predictions Std                      203.315
V Predictions Max                      955.746
V Predictions Min                       19.4754
Log Pis Mean                             0.295106
Log Pis Std                              2.92145
Log Pis Max                             13.391
Log Pis Min                             -8.55606
Policy mu Mean                          -0.136271
Policy mu Std                            0.969897
Policy mu Max                            2.45483
Policy mu Min                           -2.67461
Policy log std Mean                     -0.456977
Policy log std Std                       0.214324
Policy log std Max                       0.11247
Policy log std Min                      -1.47964
Z mean eval                              0.714575
Z variance eval                          0.0492176
AverageTrainReturn_all_train_tasks     737.433
AverageReturn_all_train_tasks          762.904
AverageReturn_all_test_tasks           392.586
Number of train steps total          22000
Number of env steps total           114000
Number of rollouts total                 0
Train Time (s)                          65.5286
(Previous) Eval Time (s)                 6.42207
Sample Time (s)                          5.32674
Epoch Time (s)                          77.2774
Total Train Time (s)                   851.849
Epoch                                   10
----------------------------------  --------------
2020-11-20 18:19:04.353608 KST | [2020_11_20_18_04_52] Iteration #10 | Epoch Duration: 77.33118414878845
2020-11-20 18:19:04.353736 KST | [2020_11_20_18_04_52] Iteration #10 | Started Training: True
----------------------------------  --------------
Z mean train                             1.50795
Z variance train                         0.19019
KL Divergence                           48.4729
KL Loss                                  4.84729
QF Loss                                126.253
VF Loss                                 70.0387
Policy Loss                           -598.263
Q Predictions Mean                     587.774
Q Predictions Std                      202.393
Q Predictions Max                     1003.12
Q Predictions Min                      -50.2276
V Predictions Mean                     593.606
V Predictions Std                      198.316
V Predictions Max                      988.285
V Predictions Min                      -32.5289
Log Pis Mean                             0.655593
Log Pis Std                              3.00732
Log Pis Max                             12.205
Log Pis Min                             -7.77866
Policy mu Mean                          -0.164844
Policy mu Std                            1.00476
Policy mu Max                            2.30907
Policy mu Min                           -2.46291
Policy log std Mean                     -0.485016
Policy log std Std                       0.17684
Policy log std Max                       0.0899759
Policy log std Min                      -1.44097
Z mean eval                              1.40885
Z variance eval                          0.0456015
AverageTrainReturn_all_train_tasks     593.816
AverageReturn_all_train_tasks          616.193
AverageReturn_all_test_tasks           636.444
Number of train steps total          24000
Number of env steps total           124000
Number of rollouts total                 0
Train Time (s)                          65.0217
(Previous) Eval Time (s)                 6.47566
Sample Time (s)                          5.24944
Epoch Time (s)                          76.7468
Total Train Time (s)                   928.767
Epoch                                   11
----------------------------------  --------------
2020-11-20 18:20:21.271924 KST | [2020_11_20_18_04_52] Iteration #11 | Epoch Duration: 76.91809821128845
2020-11-20 18:20:21.272028 KST | [2020_11_20_18_04_52] Iteration #11 | Started Training: True
----------------------------------  --------------
Z mean train                             0.919437
Z variance train                         0.0873755
KL Divergence                           36.4949
KL Loss                                  3.64949
QF Loss                                136.914
VF Loss                                 47.2072
Policy Loss                           -329.697
Q Predictions Mean                     324.757
Q Predictions Std                       87.4476
Q Predictions Max                      481.201
Q Predictions Min                      -40.5714
V Predictions Mean                     329.606
V Predictions Std                       85.5456
V Predictions Max                      478.908
V Predictions Min                      -12.5449
Log Pis Mean                            -1.40154
Log Pis Std                              2.22065
Log Pis Max                              7.66897
Log Pis Min                             -8.4578
Policy mu Mean                          -0.12275
Policy mu Std                            0.738378
Policy mu Max                            2.10348
Policy mu Min                           -2.31789
Policy log std Mean                     -0.408761
Policy log std Std                       0.191703
Policy log std Max                       0.085927
Policy log std Min                      -1.43384
Z mean eval                              1.82736
Z variance eval                          0.0419733
AverageTrainReturn_all_train_tasks     756.879
AverageReturn_all_train_tasks          836.174
AverageReturn_all_test_tasks           561.494
Number of train steps total          26000
Number of env steps total           134000
Number of rollouts total                 0
Train Time (s)                          63.5888
(Previous) Eval Time (s)                 6.64676
Sample Time (s)                          5.40811
Epoch Time (s)                          75.6436
Total Train Time (s)                  1004.16
Epoch                                   12
----------------------------------  --------------
2020-11-20 18:21:36.662792 KST | [2020_11_20_18_04_52] Iteration #12 | Epoch Duration: 75.39067101478577
2020-11-20 18:21:36.662907 KST | [2020_11_20_18_04_52] Iteration #12 | Started Training: True
----------------------------------  --------------
Z mean train                             1.5735
Z variance train                         0.0945863
KL Divergence                           61.4732
KL Loss                                  6.14732
QF Loss                                123.678
VF Loss                                 81.7363
Policy Loss                           -524.421
Q Predictions Mean                     516.405
Q Predictions Std                      229.645
Q Predictions Max                     1212.29
Q Predictions Min                     -187.439
V Predictions Mean                     519.555
V Predictions Std                      227.894
V Predictions Max                     1198.82
V Predictions Min                     -155.264
Log Pis Mean                             0.202126
Log Pis Std                              2.91813
Log Pis Max                             12.684
Log Pis Min                             -9.49852
Policy mu Mean                          -0.132541
Policy mu Std                            0.97037
Policy mu Max                            3.10331
Policy mu Min                           -2.49213
Policy log std Mean                     -0.45425
Policy log std Std                       0.220152
Policy log std Max                       0.0885657
Policy log std Min                      -1.5706
Z mean eval                              1.02205
Z variance eval                          0.033961
AverageTrainReturn_all_train_tasks     888.149
AverageReturn_all_train_tasks          764.632
AverageReturn_all_test_tasks           410.346
Number of train steps total          28000
Number of env steps total           144000
Number of rollouts total                 0
Train Time (s)                          64.4256
(Previous) Eval Time (s)                 6.39359
Sample Time (s)                          5.20353
Epoch Time (s)                          76.0227
Total Train Time (s)                  1080.37
Epoch                                   13
----------------------------------  --------------
2020-11-20 18:22:52.874389 KST | [2020_11_20_18_04_52] Iteration #13 | Epoch Duration: 76.21139359474182
2020-11-20 18:22:52.874505 KST | [2020_11_20_18_04_52] Iteration #13 | Started Training: True
----------------------------------  --------------
Z mean train                             0.331691
Z variance train                         0.0885512
KL Divergence                           56.3621
KL Loss                                  5.63621
QF Loss                                517.787
VF Loss                                254.744
Policy Loss                           -714.145
Q Predictions Mean                     713.315
Q Predictions Std                      389.368
Q Predictions Max                     1479.57
Q Predictions Min                      -48.8427
V Predictions Mean                     715.958
V Predictions Std                      383.974
V Predictions Max                     1469.21
V Predictions Min                       -4.88526
Log Pis Mean                             0.307893
Log Pis Std                              3.50771
Log Pis Max                             10.894
Log Pis Min                             -8.46749
Policy mu Mean                          -0.262477
Policy mu Std                            0.957922
Policy mu Max                            2.758
Policy mu Min                           -2.88482
Policy log std Mean                     -0.479417
Policy log std Std                       0.169971
Policy log std Max                      -0.0377552
Policy log std Min                      -1.34911
Z mean eval                              2.92353
Z variance eval                          0.0392461
AverageTrainReturn_all_train_tasks     504.09
AverageReturn_all_train_tasks         -300.574
AverageReturn_all_test_tasks           532.574
Number of train steps total          30000
Number of env steps total           154000
Number of rollouts total                 0
Train Time (s)                          65.1778
(Previous) Eval Time (s)                 6.58213
Sample Time (s)                          5.31615
Epoch Time (s)                          77.076
Total Train Time (s)                  1157.37
Epoch                                   14
----------------------------------  --------------
2020-11-20 18:24:09.875631 KST | [2020_11_20_18_04_52] Iteration #14 | Epoch Duration: 77.00103068351746
2020-11-20 18:24:09.875773 KST | [2020_11_20_18_04_52] Iteration #14 | Started Training: True
----------------------------------  --------------
Z mean train                             1.9932
Z variance train                         0.055173
KL Divergence                           94.7988
KL Loss                                  9.47988
QF Loss                                292.31
VF Loss                                 93.8401
Policy Loss                           -663.68
Q Predictions Mean                     651.914
Q Predictions Std                      251.964
Q Predictions Max                     1340.79
Q Predictions Min                     -132.368
V Predictions Mean                     665.373
V Predictions Std                      245.617
V Predictions Max                     1338.56
V Predictions Min                     -150.818
Log Pis Mean                             0.723186
Log Pis Std                              2.97058
Log Pis Max                             12.3017
Log Pis Min                             -8.80932
Policy mu Mean                          -0.177298
Policy mu Std                            1.03141
Policy mu Max                            2.59308
Policy mu Min                           -2.76697
Policy log std Mean                     -0.477653
Policy log std Std                       0.244015
Policy log std Max                       0.0950683
Policy log std Min                      -1.70224
Z mean eval                              1.67864
Z variance eval                          0.019376
AverageTrainReturn_all_train_tasks     705.38
AverageReturn_all_train_tasks          373.848
AverageReturn_all_test_tasks           513.977
Number of train steps total          32000
Number of env steps total           164000
Number of rollouts total                 0
Train Time (s)                          64.7942
(Previous) Eval Time (s)                 6.50696
Sample Time (s)                          5.35533
Epoch Time (s)                          76.6565
Total Train Time (s)                  1233.98
Epoch                                   15
----------------------------------  --------------
2020-11-20 18:25:26.486972 KST | [2020_11_20_18_04_52] Iteration #15 | Epoch Duration: 76.61109042167664
2020-11-20 18:25:26.487090 KST | [2020_11_20_18_04_52] Iteration #15 | Started Training: True
----------------------------------  --------------
Z mean train                             1.52251
Z variance train                         0.0860307
KL Divergence                           58.7963
KL Loss                                  5.87963
QF Loss                                178.024
VF Loss                                 68.4225
Policy Loss                           -601.86
Q Predictions Mean                     593.554
Q Predictions Std                      225.218
Q Predictions Max                     1191.63
Q Predictions Min                     -158.172
V Predictions Mean                     603.609
V Predictions Std                      223.996
V Predictions Max                     1190.52
V Predictions Min                     -157.151
Log Pis Mean                             0.0703324
Log Pis Std                              2.73911
Log Pis Max                              9.47528
Log Pis Min                            -11.7285
Policy mu Mean                          -0.167415
Policy mu Std                            0.939543
Policy mu Max                            2.37015
Policy mu Min                           -2.39825
Policy log std Mean                     -0.461162
Policy log std Std                       0.223352
Policy log std Max                       0.130558
Policy log std Min                      -1.68903
Z mean eval                              2.81097
Z variance eval                          0.0348647
AverageTrainReturn_all_train_tasks     541.504
AverageReturn_all_train_tasks         -144.166
AverageReturn_all_test_tasks           294.518
Number of train steps total          34000
Number of env steps total           174000
Number of rollouts total                 0
Train Time (s)                          64.7349
(Previous) Eval Time (s)                 6.46134
Sample Time (s)                          5.281
Epoch Time (s)                          76.4773
Total Train Time (s)                  1310.66
Epoch                                   16
----------------------------------  --------------
2020-11-20 18:26:43.168348 KST | [2020_11_20_18_04_52] Iteration #16 | Epoch Duration: 76.68117499351501
2020-11-20 18:26:43.168452 KST | [2020_11_20_18_04_52] Iteration #16 | Started Training: True
----------------------------------  --------------
Z mean train                             2.09131
Z variance train                         0.19312
KL Divergence                           72.4386
KL Loss                                  7.24386
QF Loss                                164.859
VF Loss                                 80.0536
Policy Loss                           -836.83
Q Predictions Mean                     828.231
Q Predictions Std                      383.899
Q Predictions Max                     1573.31
Q Predictions Min                     -115.182
V Predictions Mean                     841.368
V Predictions Std                      383.544
V Predictions Max                     1578.06
V Predictions Min                      -99.2033
Log Pis Mean                             0.810453
Log Pis Std                              3.14242
Log Pis Max                             12.1438
Log Pis Min                             -7.37498
Policy mu Mean                          -0.143758
Policy mu Std                            1.01612
Policy mu Max                            2.39096
Policy mu Min                           -2.99426
Policy log std Mean                     -0.49355
Policy log std Std                       0.206968
Policy log std Max                       0.0442745
Policy log std Min                      -1.54731
Z mean eval                              2.85243
Z variance eval                          0.0338966
AverageTrainReturn_all_train_tasks     748.376
AverageReturn_all_train_tasks          411.445
AverageReturn_all_test_tasks           152
Number of train steps total          36000
Number of env steps total           184000
Number of rollouts total                 0
Train Time (s)                          65.3534
(Previous) Eval Time (s)                 6.6651
Sample Time (s)                          5.36281
Epoch Time (s)                          77.3813
Total Train Time (s)                  1387.94
Epoch                                   17
----------------------------------  --------------
2020-11-20 18:28:00.446490 KST | [2020_11_20_18_04_52] Iteration #17 | Epoch Duration: 77.27794098854065
2020-11-20 18:28:00.446615 KST | [2020_11_20_18_04_52] Iteration #17 | Started Training: True
----------------------------------  --------------
Z mean train                             2.00766
Z variance train                         0.189576
KL Divergence                           77.1243
KL Loss                                  7.71243
QF Loss                                191.129
VF Loss                                 69.6693
Policy Loss                          -1042.49
Q Predictions Mean                    1033.4
Q Predictions Std                      355.953
Q Predictions Max                     1612.59
Q Predictions Min                      -61.727
V Predictions Mean                    1044.38
V Predictions Std                      357.025
V Predictions Max                     1613.17
V Predictions Min                      -70.4232
Log Pis Mean                             1.86786
Log Pis Std                              3.24578
Log Pis Max                             13.8125
Log Pis Min                             -9.75603
Policy mu Mean                          -0.214488
Policy mu Std                            1.12748
Policy mu Max                            2.87059
Policy mu Min                           -2.86877
Policy log std Mean                     -0.535489
Policy log std Std                       0.192028
Policy log std Max                       0.0355788
Policy log std Min                      -1.66597
Z mean eval                              1.71571
Z variance eval                          0.0458079
AverageTrainReturn_all_train_tasks     953.756
AverageReturn_all_train_tasks          876.103
AverageReturn_all_test_tasks           613.733
Number of train steps total          38000
Number of env steps total           194000
Number of rollouts total                 0
Train Time (s)                          65.3737
(Previous) Eval Time (s)                 6.56154
Sample Time (s)                          5.35134
Epoch Time (s)                          77.2866
Total Train Time (s)                  1465.08
Epoch                                   18
----------------------------------  --------------
2020-11-20 18:29:17.589171 KST | [2020_11_20_18_04_52] Iteration #18 | Epoch Duration: 77.1424708366394
2020-11-20 18:29:17.589271 KST | [2020_11_20_18_04_52] Iteration #18 | Started Training: True
----------------------------------  --------------
Z mean train                             1.42566
Z variance train                         0.0730985
KL Divergence                           68.6717
KL Loss                                  6.86717
QF Loss                                160.334
VF Loss                                 58.5924
Policy Loss                           -751.634
Q Predictions Mean                     743.178
Q Predictions Std                      407.424
Q Predictions Max                     1761.44
Q Predictions Min                      -19.3951
V Predictions Mean                     750.748
V Predictions Std                      403.778
V Predictions Max                     1745.86
V Predictions Min                       -1.09141
Log Pis Mean                             0.173332
Log Pis Std                              3.04798
Log Pis Max                             13.9572
Log Pis Min                             -8.09592
Policy mu Mean                          -0.12495
Policy mu Std                            0.953489
Policy mu Max                            2.3745
Policy mu Min                           -2.42653
Policy log std Mean                     -0.47795
Policy log std Std                       0.210877
Policy log std Max                       0.0646423
Policy log std Min                      -1.72489
Z mean eval                              2.18966
Z variance eval                          0.0280509
AverageTrainReturn_all_train_tasks     774.976
AverageReturn_all_train_tasks          598.701
AverageReturn_all_test_tasks           807.222
Number of train steps total          40000
Number of env steps total           204000
Number of rollouts total                 0
Train Time (s)                          65.0117
(Previous) Eval Time (s)                 6.41728
Sample Time (s)                          5.39006
Epoch Time (s)                          76.8191
Total Train Time (s)                  1542.02
Epoch                                   19
----------------------------------  --------------
2020-11-20 18:30:34.533634 KST | [2020_11_20_18_04_52] Iteration #19 | Epoch Duration: 76.94427132606506
2020-11-20 18:30:34.533756 KST | [2020_11_20_18_04_52] Iteration #19 | Started Training: True
----------------------------------  --------------
Z mean train                             2.21822
Z variance train                         0.0643659
KL Divergence                          122.395
KL Loss                                 12.2395
QF Loss                                259.675
VF Loss                                 78.3261
Policy Loss                           -730.613
Q Predictions Mean                     718.006
Q Predictions Std                      147.765
Q Predictions Max                      969.295
Q Predictions Min                       42.26
V Predictions Mean                     730.159
V Predictions Std                      146.587
V Predictions Max                      977.931
V Predictions Min                       54.0605
Log Pis Mean                             0.36718
Log Pis Std                              2.72554
Log Pis Max                              8.84401
Log Pis Min                             -9.63438
Policy mu Mean                          -0.0752548
Policy mu Std                            0.983444
Policy mu Max                            3.17992
Policy mu Min                           -2.9503
Policy log std Mean                     -0.474826
Policy log std Std                       0.268243
Policy log std Max                       0.107933
Policy log std Min                      -1.93323
Z mean eval                              2.6292
Z variance eval                          0.0377923
AverageTrainReturn_all_train_tasks    1028.16
AverageReturn_all_train_tasks          915.583
AverageReturn_all_test_tasks           817.939
Number of train steps total          42000
Number of env steps total           214000
Number of rollouts total                 0
Train Time (s)                          62.3119
(Previous) Eval Time (s)                 6.54228
Sample Time (s)                          5.39268
Epoch Time (s)                          74.2469
Total Train Time (s)                  1616.13
Epoch                                   20
----------------------------------  --------------
2020-11-20 18:31:48.638609 KST | [2020_11_20_18_04_52] Iteration #20 | Epoch Duration: 74.10476660728455
2020-11-20 18:31:48.638710 KST | [2020_11_20_18_04_52] Iteration #20 | Started Training: True
----------------------------------  --------------
Z mean train                             1.57971
Z variance train                         0.0654589
KL Divergence                           69.9697
KL Loss                                  6.99697
QF Loss                                180.384
VF Loss                                220.143
Policy Loss                          -1110.98
Q Predictions Mean                    1104.14
Q Predictions Std                      353.04
Q Predictions Max                     1698.5
Q Predictions Min                       18.7755
V Predictions Mean                    1122.29
V Predictions Std                      353.399
V Predictions Max                     1719.28
V Predictions Min                       42.4653
Log Pis Mean                             1.52498
Log Pis Std                              3.27596
Log Pis Max                             15.233
Log Pis Min                             -7.94112
Policy mu Mean                          -0.18111
Policy mu Std                            1.11855
Policy mu Max                            3.46453
Policy mu Min                           -2.91781
Policy log std Mean                     -0.535237
Policy log std Std                       0.19442
Policy log std Max                       0.146843
Policy log std Min                      -1.62382
Z mean eval                              1.92698
Z variance eval                          0.0479795
AverageTrainReturn_all_train_tasks    1043.41
AverageReturn_all_train_tasks         1023.54
AverageReturn_all_test_tasks           605.358
Number of train steps total          44000
Number of env steps total           224000
Number of rollouts total                 0
Train Time (s)                          56.9391
(Previous) Eval Time (s)                 6.40001
Sample Time (s)                          5.24055
Epoch Time (s)                          68.5797
Total Train Time (s)                  1684.68
Epoch                                   21
----------------------------------  --------------
2020-11-20 18:32:57.192459 KST | [2020_11_20_18_04_52] Iteration #21 | Epoch Duration: 68.55364942550659
2020-11-20 18:32:57.192603 KST | [2020_11_20_18_04_52] Iteration #21 | Started Training: True
----------------------------------  --------------
Z mean train                             1.80022
Z variance train                         0.06459
KL Divergence                           71.5334
KL Loss                                  7.15334
QF Loss                                158.074
VF Loss                                110.625
Policy Loss                           -967.114
Q Predictions Mean                     956.734
Q Predictions Std                      370.096
Q Predictions Max                     1662.11
Q Predictions Min                      -35.0915
V Predictions Mean                     961.506
V Predictions Std                      365.213
V Predictions Max                     1659.09
V Predictions Min                      -32.0748
Log Pis Mean                             1.07375
Log Pis Std                              3.11005
Log Pis Max                             11.3038
Log Pis Min                             -7.28476
Policy mu Mean                          -0.164339
Policy mu Std                            1.05985
Policy mu Max                            2.45849
Policy mu Min                           -2.49135
Policy log std Mean                     -0.505344
Policy log std Std                       0.206814
Policy log std Max                       0.0559404
Policy log std Min                      -1.68396
Z mean eval                              2.4462
Z variance eval                          0.0501396
AverageTrainReturn_all_train_tasks    1044.82
AverageReturn_all_train_tasks         1050.6
AverageReturn_all_test_tasks           669.919
Number of train steps total          46000
Number of env steps total           234000
Number of rollouts total                 0
Train Time (s)                          65.3277
(Previous) Eval Time (s)                 6.37377
Sample Time (s)                          5.34727
Epoch Time (s)                          77.0487
Total Train Time (s)                  1761.63
Epoch                                   22
----------------------------------  --------------
2020-11-20 18:34:14.139892 KST | [2020_11_20_18_04_52] Iteration #22 | Epoch Duration: 76.94717168807983
2020-11-20 18:34:14.140008 KST | [2020_11_20_18_04_52] Iteration #22 | Started Training: True
----------------------------------  --------------
Z mean train                             2.24144
Z variance train                         0.0681707
KL Divergence                          109.709
KL Loss                                 10.9709
QF Loss                                227.808
VF Loss                                205.004
Policy Loss                           -958.397
Q Predictions Mean                     949.648
Q Predictions Std                      387.472
Q Predictions Max                     1943.29
Q Predictions Min                       -6.52628
V Predictions Mean                     947.84
V Predictions Std                      384.953
V Predictions Max                     1923.3
V Predictions Min                      -33.3203
Log Pis Mean                             0.866039
Log Pis Std                              3.10264
Log Pis Max                             13.1667
Log Pis Min                             -9.8311
Policy mu Mean                          -0.0939633
Policy mu Std                            1.03586
Policy mu Max                            3.16014
Policy mu Min                           -2.80805
Policy log std Mean                     -0.481778
Policy log std Std                       0.241492
Policy log std Max                       0.0729804
Policy log std Min                      -1.85772
Z mean eval                              1.77904
Z variance eval                          0.0178943
AverageTrainReturn_all_train_tasks     637.648
AverageReturn_all_train_tasks          237.674
AverageReturn_all_test_tasks           539.13
Number of train steps total          48000
Number of env steps total           244000
Number of rollouts total                 0
Train Time (s)                          63.5395
(Previous) Eval Time (s)                 6.27203
Sample Time (s)                          5.26538
Epoch Time (s)                          75.0769
Total Train Time (s)                  1836.87
Epoch                                   23
----------------------------------  --------------
2020-11-20 18:35:29.386049 KST | [2020_11_20_18_04_52] Iteration #23 | Epoch Duration: 75.24595713615417
2020-11-20 18:35:29.386147 KST | [2020_11_20_18_04_52] Iteration #23 | Started Training: True
----------------------------------  --------------
Z mean train                             2.01207
Z variance train                         0.0555114
KL Divergence                          110.317
KL Loss                                 11.0317
QF Loss                                187.824
VF Loss                                 77.9864
Policy Loss                           -984.192
Q Predictions Mean                     974.673
Q Predictions Std                      483.109
Q Predictions Max                     2159
Q Predictions Min                       54.8521
V Predictions Mean                     987.166
V Predictions Std                      482.463
V Predictions Max                     2156.71
V Predictions Min                       76.7782
Log Pis Mean                             0.855414
Log Pis Std                              3.31685
Log Pis Max                             12.796
Log Pis Min                             -8.96771
Policy mu Mean                          -0.126757
Policy mu Std                            1.02413
Policy mu Max                            2.82874
Policy mu Min                           -2.88136
Policy log std Mean                     -0.492908
Policy log std Std                       0.232248
Policy log std Max                       0.107392
Policy log std Min                      -1.64108
Z mean eval                              1.90352
Z variance eval                          0.0242645
AverageTrainReturn_all_train_tasks     835.313
AverageReturn_all_train_tasks          385.274
AverageReturn_all_test_tasks           845.906
Number of train steps total          50000
Number of env steps total           254000
Number of rollouts total                 0
Train Time (s)                          65.4317
(Previous) Eval Time (s)                 6.44097
Sample Time (s)                          5.32868
Epoch Time (s)                          77.2013
Total Train Time (s)                  1914.01
Epoch                                   24
----------------------------------  --------------
2020-11-20 18:36:46.525782 KST | [2020_11_20_18_04_52] Iteration #24 | Epoch Duration: 77.13954401016235
2020-11-20 18:36:46.525898 KST | [2020_11_20_18_04_52] Iteration #24 | Started Training: True
----------------------------------  --------------
Z mean train                             1.72584
Z variance train                         0.0399285
KL Divergence                           82.9832
KL Loss                                  8.29832
QF Loss                                195.227
VF Loss                                 71.1701
Policy Loss                           -880.324
Q Predictions Mean                     872.853
Q Predictions Std                      360.012
Q Predictions Max                     1786.5
Q Predictions Min                     -164.814
V Predictions Mean                     881.583
V Predictions Std                      357.294
V Predictions Max                     1779.95
V Predictions Min                     -129.924
Log Pis Mean                             0.537104
Log Pis Std                              2.97329
Log Pis Max                             12.4245
Log Pis Min                             -8.21986
Policy mu Mean                          -0.150058
Policy mu Std                            0.979612
Policy mu Max                            2.3161
Policy mu Min                           -2.57012
Policy log std Mean                     -0.509833
Policy log std Std                       0.234934
Policy log std Max                       0.0120056
Policy log std Min                      -1.71012
Z mean eval                              1.86746
Z variance eval                          0.0435772
AverageTrainReturn_all_train_tasks    1046.04
AverageReturn_all_train_tasks         1009.96
AverageReturn_all_test_tasks           644.713
Number of train steps total          52000
Number of env steps total           264000
Number of rollouts total                 0
Train Time (s)                          65.4162
(Previous) Eval Time (s)                 6.37899
Sample Time (s)                          5.2198
Epoch Time (s)                          77.015
Total Train Time (s)                  1991.17
Epoch                                   25
----------------------------------  --------------
2020-11-20 18:38:03.685624 KST | [2020_11_20_18_04_52] Iteration #25 | Epoch Duration: 77.15964269638062
2020-11-20 18:38:03.685722 KST | [2020_11_20_18_04_52] Iteration #25 | Started Training: True
----------------------------------  --------------
Z mean train                             1.83539
Z variance train                         0.047692
KL Divergence                          108.355
KL Loss                                 10.8355
QF Loss                                221.964
VF Loss                                139.945
Policy Loss                          -1201.79
Q Predictions Mean                    1188.97
Q Predictions Std                      529.238
Q Predictions Max                     2118.39
Q Predictions Min                     -310.596
V Predictions Mean                    1203.61
V Predictions Std                      527.384
V Predictions Max                     2122.34
V Predictions Min                     -276.055
Log Pis Mean                             1.49025
Log Pis Std                              3.51857
Log Pis Max                             13.6829
Log Pis Min                            -10.3902
Policy mu Mean                          -0.189976
Policy mu Std                            1.10879
Policy mu Max                            2.91879
Policy mu Min                           -4.88135
Policy log std Mean                     -0.517957
Policy log std Std                       0.211505
Policy log std Max                       0.0693543
Policy log std Min                      -1.68174
Z mean eval                              1.64115
Z variance eval                          0.039659
AverageTrainReturn_all_train_tasks     669.46
AverageReturn_all_train_tasks          379.923
AverageReturn_all_test_tasks           412.361
Number of train steps total          54000
Number of env steps total           274000
Number of rollouts total                 0
Train Time (s)                          65.101
(Previous) Eval Time (s)                 6.52351
Sample Time (s)                          5.18336
Epoch Time (s)                          76.8079
Total Train Time (s)                  2067.82
Epoch                                   26
----------------------------------  --------------
2020-11-20 18:39:20.332262 KST | [2020_11_20_18_04_52] Iteration #26 | Epoch Duration: 76.64644956588745
2020-11-20 18:39:20.332377 KST | [2020_11_20_18_04_52] Iteration #26 | Started Training: True
----------------------------------  --------------
Z mean train                             1.43781
Z variance train                         0.123161
KL Divergence                           55.3457
KL Loss                                  5.53457
QF Loss                                281.728
VF Loss                                109.436
Policy Loss                          -1154.73
Q Predictions Mean                    1146.63
Q Predictions Std                      369.572
Q Predictions Max                     1752.99
Q Predictions Min                     -186.664
V Predictions Mean                    1154.29
V Predictions Std                      364.4
V Predictions Max                     1740.26
V Predictions Min                     -178.747
Log Pis Mean                             1.38181
Log Pis Std                              3.33828
Log Pis Max                             18.1931
Log Pis Min                             -9.13069
Policy mu Mean                          -0.18864
Policy mu Std                            1.08917
Policy mu Max                            2.81962
Policy mu Min                           -2.8437
Policy log std Mean                     -0.553002
Policy log std Std                       0.1916
Policy log std Max                      -0.0290572
Policy log std Min                      -1.58605
Z mean eval                              2.15535
Z variance eval                          0.0433472
AverageTrainReturn_all_train_tasks     886.31
AverageReturn_all_train_tasks          940.687
AverageReturn_all_test_tasks           936.604
Number of train steps total          56000
Number of env steps total           284000
Number of rollouts total                 0
Train Time (s)                          65.1623
(Previous) Eval Time (s)                 6.36192
Sample Time (s)                          5.43324
Epoch Time (s)                          76.9574
Total Train Time (s)                  2144.86
Epoch                                   27
----------------------------------  --------------
2020-11-20 18:40:37.377305 KST | [2020_11_20_18_04_52] Iteration #27 | Epoch Duration: 77.04484605789185
2020-11-20 18:40:37.377408 KST | [2020_11_20_18_04_52] Iteration #27 | Started Training: True
----------------------------------  --------------
Z mean train                             1.65475
Z variance train                         0.0559276
KL Divergence                           87.2711
KL Loss                                  8.72711
QF Loss                                159.42
VF Loss                                 72.0115
Policy Loss                           -966.854
Q Predictions Mean                     956.462
Q Predictions Std                      372.785
Q Predictions Max                     1902.67
Q Predictions Min                     -143.587
V Predictions Mean                     963.204
V Predictions Std                      365.508
V Predictions Max                     1877.46
V Predictions Min                     -162.308
Log Pis Mean                             0.883487
Log Pis Std                              3.16712
Log Pis Max                             12.9615
Log Pis Min                             -8.84839
Policy mu Mean                          -0.093935
Policy mu Std                            1.03164
Policy mu Max                            2.82202
Policy mu Min                           -2.81115
Policy log std Mean                     -0.499381
Policy log std Std                       0.236604
Policy log std Max                       0.0830712
Policy log std Min                      -1.75772
Z mean eval                              1.91919
Z variance eval                          0.0229457
AverageTrainReturn_all_train_tasks    1083.87
AverageReturn_all_train_tasks         1098.07
AverageReturn_all_test_tasks           517.925
Number of train steps total          58000
Number of env steps total           294000
Number of rollouts total                 0
Train Time (s)                          64.3811
(Previous) Eval Time (s)                 6.44915
Sample Time (s)                          5.30158
Epoch Time (s)                          76.1318
Total Train Time (s)                  2220.94
Epoch                                   28
----------------------------------  --------------
2020-11-20 18:41:53.461584 KST | [2020_11_20_18_04_52] Iteration #28 | Epoch Duration: 76.08409976959229
2020-11-20 18:41:53.461686 KST | [2020_11_20_18_04_52] Iteration #28 | Started Training: True
----------------------------------  --------------
Z mean train                             2.25464
Z variance train                         0.174681
KL Divergence                           97.338
KL Loss                                  9.7338
QF Loss                                232.148
VF Loss                                 92.6231
Policy Loss                          -1250.54
Q Predictions Mean                    1238.72
Q Predictions Std                      488.221
Q Predictions Max                     2171.78
Q Predictions Min                     -148.071
V Predictions Mean                    1247.18
V Predictions Std                      485.595
V Predictions Max                     2175.31
V Predictions Min                     -151.75
Log Pis Mean                             1.64443
Log Pis Std                              3.46645
Log Pis Max                             15.0468
Log Pis Min                             -8.34895
Policy mu Mean                          -0.22954
Policy mu Std                            1.09794
Policy mu Max                            3.15479
Policy mu Min                           -2.77919
Policy log std Mean                     -0.540763
Policy log std Std                       0.219948
Policy log std Max                       0.0673687
Policy log std Min                      -1.85345
Z mean eval                              2.20479
Z variance eval                          0.0354044
AverageTrainReturn_all_train_tasks     903.184
AverageReturn_all_train_tasks          911.199
AverageReturn_all_test_tasks           912.008
Number of train steps total          60000
Number of env steps total           304000
Number of rollouts total                 0
Train Time (s)                          64.9165
(Previous) Eval Time (s)                 6.40127
Sample Time (s)                          5.31796
Epoch Time (s)                          76.6357
Total Train Time (s)                  2297.53
Epoch                                   29
----------------------------------  --------------
2020-11-20 18:43:10.045209 KST | [2020_11_20_18_04_52] Iteration #29 | Epoch Duration: 76.58342695236206
2020-11-20 18:43:10.045329 KST | [2020_11_20_18_04_52] Iteration #29 | Started Training: True
----------------------------------  --------------
Z mean train                             2.09248
Z variance train                         0.0500007
KL Divergence                           89.183
KL Loss                                  8.9183
QF Loss                                187.613
VF Loss                                108.212
Policy Loss                          -1188.92
Q Predictions Mean                    1181.33
Q Predictions Std                      371.314
Q Predictions Max                     1888.85
Q Predictions Min                      -98.8962
V Predictions Mean                    1190.75
V Predictions Std                      363.041
V Predictions Max                     1886.07
V Predictions Min                      -90.2735
Log Pis Mean                             1.5934
Log Pis Std                              3.30595
Log Pis Max                             18.3619
Log Pis Min                            -10.5562
Policy mu Mean                          -0.18577
Policy mu Std                            1.10951
Policy mu Max                            2.55942
Policy mu Min                           -2.97694
Policy log std Mean                     -0.522421
Policy log std Std                       0.231894
Policy log std Max                       0.0883461
Policy log std Min                      -1.81459
Z mean eval                              0.691216
Z variance eval                          0.0274588
AverageTrainReturn_all_train_tasks    1106.02
AverageReturn_all_train_tasks         1083.75
AverageReturn_all_test_tasks           295.761
Number of train steps total          62000
Number of env steps total           314000
Number of rollouts total                 0
Train Time (s)                          65.6921
(Previous) Eval Time (s)                 6.34879
Sample Time (s)                          5.25437
Epoch Time (s)                          77.2953
Total Train Time (s)                  2374.8
Epoch                                   30
----------------------------------  --------------
2020-11-20 18:44:27.323285 KST | [2020_11_20_18_04_52] Iteration #30 | Epoch Duration: 77.27785277366638
2020-11-20 18:44:27.323412 KST | [2020_11_20_18_04_52] Iteration #30 | Started Training: True
----------------------------------  --------------
Z mean train                             1.44933
Z variance train                         0.0486374
KL Divergence                           74.5757
KL Loss                                  7.45757
QF Loss                                164.934
VF Loss                                 77.8249
Policy Loss                          -1184.96
Q Predictions Mean                    1176.77
Q Predictions Std                      481.825
Q Predictions Max                     2025.8
Q Predictions Min                       31.1678
V Predictions Mean                    1186.05
V Predictions Std                      476.685
V Predictions Max                     2011.86
V Predictions Min                       34.8642
Log Pis Mean                             1.21034
Log Pis Std                              3.34502
Log Pis Max                             18.5897
Log Pis Min                             -8.23972
Policy mu Mean                          -0.197464
Policy mu Std                            1.0526
Policy mu Max                            3.64713
Policy mu Min                           -2.98436
Policy log std Mean                     -0.533067
Policy log std Std                       0.219313
Policy log std Max                       0.0432826
Policy log std Min                      -1.56472
Z mean eval                              1.65637
Z variance eval                          0.0193594
AverageTrainReturn_all_train_tasks     861.556
AverageReturn_all_train_tasks          926.784
AverageReturn_all_test_tasks           468.335
Number of train steps total          64000
Number of env steps total           324000
Number of rollouts total                 0
Train Time (s)                          65.4129
(Previous) Eval Time (s)                 6.33116
Sample Time (s)                          5.32947
Epoch Time (s)                          77.0735
Total Train Time (s)                  2451.71
Epoch                                   31
----------------------------------  --------------
2020-11-20 18:45:44.230658 KST | [2020_11_20_18_04_52] Iteration #31 | Epoch Duration: 76.90712761878967
2020-11-20 18:45:44.230782 KST | [2020_11_20_18_04_52] Iteration #31 | Started Training: True
----------------------------------  --------------
Z mean train                             2.05482
Z variance train                         0.145448
KL Divergence                           60.0851
KL Loss                                  6.00852
QF Loss                               1401.66
VF Loss                                966.254
Policy Loss                          -1210.69
Q Predictions Mean                    1194.97
Q Predictions Std                      589.016
Q Predictions Max                     2206.75
Q Predictions Min                      -82.5957
V Predictions Mean                    1213.36
V Predictions Std                      575.695
V Predictions Max                     2262.65
V Predictions Min                      -16.6834
Log Pis Mean                             0.733847
Log Pis Std                              3.58265
Log Pis Max                             12.9928
Log Pis Min                             -7.60096
Policy mu Mean                          -0.218247
Policy mu Std                            0.984708
Policy mu Max                            2.81336
Policy mu Min                           -2.67065
Policy log std Mean                     -0.536282
Policy log std Std                       0.203252
Policy log std Max                      -0.0126492
Policy log std Min                      -1.70418
Z mean eval                              4.0681
Z variance eval                          0.0411214
AverageTrainReturn_all_train_tasks    1096.33
AverageReturn_all_train_tasks         1078.86
AverageReturn_all_test_tasks           936.117
Number of train steps total          66000
Number of env steps total           334000
Number of rollouts total                 0
Train Time (s)                          65.4099
(Previous) Eval Time (s)                 6.16455
Sample Time (s)                          5.27988
Epoch Time (s)                          76.8543
Total Train Time (s)                  2528.85
Epoch                                   32
----------------------------------  --------------
2020-11-20 18:47:01.372945 KST | [2020_11_20_18_04_52] Iteration #32 | Epoch Duration: 77.14207196235657
2020-11-20 18:47:01.373051 KST | [2020_11_20_18_04_52] Iteration #32 | Started Training: True
----------------------------------  --------------
Z mean train                             1.4914
Z variance train                         0.113493
KL Divergence                           96.4102
KL Loss                                  9.64102
QF Loss                                417.62
VF Loss                                186.579
Policy Loss                          -1357.51
Q Predictions Mean                    1348.92
Q Predictions Std                      270.723
Q Predictions Max                     1851.2
Q Predictions Min                      110.722
V Predictions Mean                    1360.63
V Predictions Std                      264.219
V Predictions Max                     1871.1
V Predictions Min                      107.9
Log Pis Mean                             1.90265
Log Pis Std                              3.49595
Log Pis Max                             15.0319
Log Pis Min                             -6.56311
Policy mu Mean                          -0.185419
Policy mu Std                            1.14075
Policy mu Max                            3.16859
Policy mu Min                           -2.93879
Policy log std Mean                     -0.53683
Policy log std Std                       0.22269
Policy log std Max                       0.177422
Policy log std Min                      -1.75049
Z mean eval                              2.7506
Z variance eval                          0.0438247
AverageTrainReturn_all_train_tasks     936.889
AverageReturn_all_train_tasks          935.69
AverageReturn_all_test_tasks           470.516
Number of train steps total          68000
Number of env steps total           344000
Number of rollouts total                 0
Train Time (s)                          65.3857
(Previous) Eval Time (s)                 6.45217
Sample Time (s)                          5.34188
Epoch Time (s)                          77.1797
Total Train Time (s)                  2606.04
Epoch                                   33
----------------------------------  --------------
2020-11-20 18:48:18.562172 KST | [2020_11_20_18_04_52] Iteration #33 | Epoch Duration: 77.18902158737183
2020-11-20 18:48:18.562296 KST | [2020_11_20_18_04_52] Iteration #33 | Started Training: True
----------------------------------  --------------
Z mean train                             2.72104
Z variance train                         0.0931905
KL Divergence                          134.219
KL Loss                                 13.4219
QF Loss                                318.206
VF Loss                                159.299
Policy Loss                          -1301.26
Q Predictions Mean                    1283.73
Q Predictions Std                      312.594
Q Predictions Max                     2106.49
Q Predictions Min                      284.284
V Predictions Mean                    1301.32
V Predictions Std                      297.995
V Predictions Max                     2088.43
V Predictions Min                      260.452
Log Pis Mean                             1.57551
Log Pis Std                              3.085
Log Pis Max                             13.8508
Log Pis Min                             -9.77134
Policy mu Mean                          -0.254715
Policy mu Std                            1.07559
Policy mu Max                            2.77208
Policy mu Min                           -3.00665
Policy log std Mean                     -0.50881
Policy log std Std                       0.250473
Policy log std Max                       0.0778486
Policy log std Min                      -1.63721
Z mean eval                              2.25892
Z variance eval                          0.0373961
AverageTrainReturn_all_train_tasks    1093.61
AverageReturn_all_train_tasks         1062.51
AverageReturn_all_test_tasks           444.89
Number of train steps total          70000
Number of env steps total           354000
Number of rollouts total                 0
Train Time (s)                          65.5001
(Previous) Eval Time (s)                 6.46129
Sample Time (s)                          5.37684
Epoch Time (s)                          77.3383
Total Train Time (s)                  2683.29
Epoch                                   34
----------------------------------  --------------
2020-11-20 18:49:35.809192 KST | [2020_11_20_18_04_52] Iteration #34 | Epoch Duration: 77.24680280685425
2020-11-20 18:49:35.809305 KST | [2020_11_20_18_04_52] Iteration #34 | Started Training: True
----------------------------------  --------------
Z mean train                             1.24745
Z variance train                         0.0570984
KL Divergence                           48.8685
KL Loss                                  4.88685
QF Loss                                327.152
VF Loss                                 97.785
Policy Loss                           -811.563
Q Predictions Mean                     797.743
Q Predictions Std                      178.995
Q Predictions Max                     1093.9
Q Predictions Min                      173.612
V Predictions Mean                     811.892
V Predictions Std                      171.304
V Predictions Max                     1084.81
V Predictions Min                      158.744
Log Pis Mean                            -0.393159
Log Pis Std                              2.53334
Log Pis Max                             11.009
Log Pis Min                            -11.64
Policy mu Mean                          -0.20006
Policy mu Std                            0.847977
Policy mu Max                            2.63414
Policy mu Min                           -2.43585
Policy log std Mean                     -0.506759
Policy log std Std                       0.213623
Policy log std Max                       0.0193935
Policy log std Min                      -1.60954
Z mean eval                              2.85642
Z variance eval                          0.0313432
AverageTrainReturn_all_train_tasks     726.2
AverageReturn_all_train_tasks         -228.068
AverageReturn_all_test_tasks           490.437
Number of train steps total          72000
Number of env steps total           364000
Number of rollouts total                 0
Train Time (s)                          63.5906
(Previous) Eval Time (s)                 6.36965
Sample Time (s)                          5.29802
Epoch Time (s)                          75.2583
Total Train Time (s)                  2758.63
Epoch                                   35
----------------------------------  --------------
2020-11-20 18:50:51.152379 KST | [2020_11_20_18_04_52] Iteration #35 | Epoch Duration: 75.34298300743103
2020-11-20 18:50:51.152501 KST | [2020_11_20_18_04_52] Iteration #35 | Started Training: True
----------------------------------  --------------
Z mean train                             2.28305
Z variance train                         0.165955
KL Divergence                          105.313
KL Loss                                 10.5313
QF Loss                                216.612
VF Loss                                 82.2318
Policy Loss                          -1429.57
Q Predictions Mean                    1418.25
Q Predictions Std                      497.719
Q Predictions Max                     2318.52
Q Predictions Min                      308.285
V Predictions Mean                    1428.15
V Predictions Std                      494.247
V Predictions Max                     2305.77
V Predictions Min                      330.042
Log Pis Mean                             1.79596
Log Pis Std                              3.39131
Log Pis Max                             15.9518
Log Pis Min                             -7.00364
Policy mu Mean                          -0.24689
Policy mu Std                            1.11755
Policy mu Max                            3.11382
Policy mu Min                           -3.64163
Policy log std Mean                     -0.532629
Policy log std Std                       0.235892
Policy log std Max                       0.0645373
Policy log std Min                      -1.81991
Z mean eval                              3.36091
Z variance eval                          0.0537352
AverageTrainReturn_all_train_tasks     919.546
AverageReturn_all_train_tasks          429.439
AverageReturn_all_test_tasks           418.651
Number of train steps total          74000
Number of env steps total           374000
Number of rollouts total                 0
Train Time (s)                          64.9836
(Previous) Eval Time (s)                 6.45422
Sample Time (s)                          5.1972
Epoch Time (s)                          76.635
Total Train Time (s)                  2835.27
Epoch                                   36
----------------------------------  --------------
2020-11-20 18:52:07.788609 KST | [2020_11_20_18_04_52] Iteration #36 | Epoch Duration: 76.63602113723755
2020-11-20 18:52:07.788714 KST | [2020_11_20_18_04_52] Iteration #36 | Started Training: True
----------------------------------  --------------
Z mean train                             1.41463
Z variance train                         0.10612
KL Divergence                           48.9677
KL Loss                                  4.89677
QF Loss                                258.915
VF Loss                                150.689
Policy Loss                          -1338.19
Q Predictions Mean                    1332.14
Q Predictions Std                      402.361
Q Predictions Max                     1962
Q Predictions Min                      228.87
V Predictions Mean                    1336.75
V Predictions Std                      396.863
V Predictions Max                     1953.53
V Predictions Min                      264.347
Log Pis Mean                             1.54847
Log Pis Std                              3.4856
Log Pis Max                             14.5455
Log Pis Min                             -8.87325
Policy mu Mean                          -0.266759
Policy mu Std                            1.09238
Policy mu Max                            2.86649
Policy mu Min                           -2.93585
Policy log std Mean                     -0.520527
Policy log std Std                       0.19211
Policy log std Max                       0.0427754
Policy log std Min                      -1.53791
Z mean eval                              3.59665
Z variance eval                          0.0284237
AverageTrainReturn_all_train_tasks    1109.74
AverageReturn_all_train_tasks         1083.93
AverageReturn_all_test_tasks           551.689
Number of train steps total          76000
Number of env steps total           384000
Number of rollouts total                 0
Train Time (s)                          65.4086
(Previous) Eval Time (s)                 6.45503
Sample Time (s)                          5.25129
Epoch Time (s)                          77.1149
Total Train Time (s)                  2912.42
Epoch                                   37
----------------------------------  --------------
2020-11-20 18:53:24.944505 KST | [2020_11_20_18_04_52] Iteration #37 | Epoch Duration: 77.15568518638611
2020-11-20 18:53:24.944611 KST | [2020_11_20_18_04_52] Iteration #37 | Started Training: True
----------------------------------  --------------
Z mean train                             1.56825
Z variance train                         0.118127
KL Divergence                          109.744
KL Loss                                 10.9744
QF Loss                                336.882
VF Loss                                110.886
Policy Loss                          -1599.91
Q Predictions Mean                    1594.75
Q Predictions Std                      288.781
Q Predictions Max                     2091.25
Q Predictions Min                      456.315
V Predictions Mean                    1602.24
V Predictions Std                      279.842
V Predictions Max                     2078.86
V Predictions Min                      464.711
Log Pis Mean                             2.54986
Log Pis Std                              3.47618
Log Pis Max                             13.3428
Log Pis Min                             -7.60852
Policy mu Mean                          -0.218291
Policy mu Std                            1.18916
Policy mu Max                            2.96019
Policy mu Min                           -2.83182
Policy log std Mean                     -0.557152
Policy log std Std                       0.254301
Policy log std Max                       0.157847
Policy log std Min                      -2.12819
Z mean eval                              3.91973
Z variance eval                          0.0469101
AverageTrainReturn_all_train_tasks     975.879
AverageReturn_all_train_tasks          444.351
AverageReturn_all_test_tasks          1001.53
Number of train steps total          78000
Number of env steps total           394000
Number of rollouts total                 0
Train Time (s)                          65.453
(Previous) Eval Time (s)                 6.49566
Sample Time (s)                          5.23719
Epoch Time (s)                          77.1859
Total Train Time (s)                  2989.57
Epoch                                   38
----------------------------------  --------------
2020-11-20 18:54:42.092430 KST | [2020_11_20_18_04_52] Iteration #38 | Epoch Duration: 77.14772510528564
2020-11-20 18:54:42.092545 KST | [2020_11_20_18_04_52] Iteration #38 | Started Training: True
----------------------------------  --------------
Z mean train                             3.3539
Z variance train                         0.0537886
KL Divergence                          166.658
KL Loss                                 16.6658
QF Loss                                191.319
VF Loss                                 56.0452
Policy Loss                          -1602.78
Q Predictions Mean                    1590.77
Q Predictions Std                      330.319
Q Predictions Max                     2314.57
Q Predictions Min                      494.959
V Predictions Mean                    1601.95
V Predictions Std                      323.683
V Predictions Max                     2312.66
V Predictions Min                      533.847
Log Pis Mean                             1.68667
Log Pis Std                              3.37113
Log Pis Max                             12.812
Log Pis Min                             -7.55168
Policy mu Mean                          -0.200843
Policy mu Std                            1.10266
Policy mu Max                            3.24762
Policy mu Min                           -2.72276
Policy log std Mean                     -0.556298
Policy log std Std                       0.242497
Policy log std Max                       0.0275279
Policy log std Min                      -1.89345
Z mean eval                              0.987456
Z variance eval                          0.0246308
AverageTrainReturn_all_train_tasks    1123.05
AverageReturn_all_train_tasks         1110.51
AverageReturn_all_test_tasks           692.886
Number of train steps total          80000
Number of env steps total           404000
Number of rollouts total                 0
Train Time (s)                          65.3372
(Previous) Eval Time (s)                 6.45731
Sample Time (s)                          5.27101
Epoch Time (s)                          77.0656
Total Train Time (s)                  3066.68
Epoch                                   39
----------------------------------  --------------
2020-11-20 18:55:59.202370 KST | [2020_11_20_18_04_52] Iteration #39 | Epoch Duration: 77.10973954200745
2020-11-20 18:55:59.202473 KST | [2020_11_20_18_04_52] Iteration #39 | Started Training: True
----------------------------------  --------------
Z mean train                             1.40653
Z variance train                         0.0958773
KL Divergence                           71.1668
KL Loss                                  7.11668
QF Loss                                203.911
VF Loss                                 71.8811
Policy Loss                          -1487.49
Q Predictions Mean                    1478.46
Q Predictions Std                      319.912
Q Predictions Max                     2037.62
Q Predictions Min                      249.392
V Predictions Mean                    1491.01
V Predictions Std                      314.053
V Predictions Max                     2029.82
V Predictions Min                      273.618
Log Pis Mean                             2.00306
Log Pis Std                              3.44933
Log Pis Max                             12.046
Log Pis Min                             -7.14308
Policy mu Mean                          -0.244571
Policy mu Std                            1.12036
Policy mu Max                            2.59564
Policy mu Min                           -2.55047
Policy log std Mean                     -0.568298
Policy log std Std                       0.221774
Policy log std Max                       0.0100887
Policy log std Min                      -1.70778
Z mean eval                              2.52389
Z variance eval                          0.0303935
AverageTrainReturn_all_train_tasks    1000.53
AverageReturn_all_train_tasks         1002.57
AverageReturn_all_test_tasks           933.085
Number of train steps total          82000
Number of env steps total           414000
Number of rollouts total                 0
Train Time (s)                          65.2494
(Previous) Eval Time (s)                 6.50133
Sample Time (s)                          5.38179
Epoch Time (s)                          77.1325
Total Train Time (s)                  3143.71
Epoch                                   40
----------------------------------  --------------
2020-11-20 18:57:16.239453 KST | [2020_11_20_18_04_52] Iteration #40 | Epoch Duration: 77.0368640422821
2020-11-20 18:57:16.239570 KST | [2020_11_20_18_04_52] Iteration #40 | Started Training: True
